Arguments: 
  C:\Program Files\nodejs\node.exe C:\Program Files (x86)\Yarn\bin\yarn.js start

PATH: 
  C:\Program Files (x86)\Common Files\Oracle\Java\javapath;C:\Program Files (x86)\Intel\iCLS Client\;C:\Program Files (x86)\Python36-32\Scripts\;C:\Program Files (x86)\Python36-32\;C:\ProgramData\Oracle\Java\javapath;C:\Program Files (x86)\Common Files\Intel\Shared Libraries\redist\intel64\compiler;C:\Program Files\Intel\iCLS Client\;C:\Windows\system32;C:\Windows;C:\Windows\System32\Wbem;C:\Windows\System32\WindowsPowerShell\v1.0\;C:\Program Files (x86)\NVIDIA Corporation\PhysX\Common;C:\Program Files (x86)\GtkSharp\2.12\bin;C:\Program Files\Microsoft SQL Server\130\Tools\Binn\;C:\Program Files\dotnet\;C:\Program Files (x86)\QuickTime\QTSystem\;C:\Program Files\nodejs\;C:\Program Files\Git\cmd;C:\WINDOWS\system32;C:\WINDOWS;C:\WINDOWS\System32\Wbem;C:\WINDOWS\System32\WindowsPowerShell\v1.0\;C:\Program Files (x86)\Intel\Intel(R) Management Engine Components\DAL;C:\Program Files\Intel\Intel(R) Management Engine Components\DAL;C:\Program Files (x86)\Intel\Intel(R) Management Engine Components\IPT;C:\Program Files\Intel\Intel(R) Management Engine Components\IPT;C:\Program Files\SourceGear\Common\DiffMerge\;C:\Program Files (x86)\Yarn\bin\;C:\ProgramData\ComposerSetup\bin;C:\Program Files\Amazon\AWSCLI\bin\;C:\Program Files\PuTTY\;C:\Users\bruno\AppData\Local\Microsoft\WindowsApps;C:\Program Files\Microsoft VS Code\bin;C:\Users\bruno\AppData\Roaming\npm;C:\Program Files\Git\bin;C:\Users\bruno\AppData\Local\GitHubDesktop\bin;C:\Users\bruno\AppData\Local\Yarn\bin;D:\Documentos\Projetos\Apps\Flutter\bin;C:\xampp\php;C:\Users\bruno\AppData\Roaming\Composer\vendor\bin;D:\Downloads\Softwares\Phing;C:\Users\bruno\AppData\Local\Programs\Python\Python36\Scripts;C:\Program Files\Amazon\AWSCLI;C:\Program Files\MongoDB\Server\3.6\bin;C:\Users\bruno\AppData\Local\hyper\app-2.0.0\resources\bin

Yarn version: 
  1.5.1

Node version: 
  8.2.1

Platform: 
  win32 x64

npm manifest: 
  No manifest

yarn manifest: 
  No manifest

Lockfile: 
  No lockfile

Trace: 
  Error: Couldn't find a package.json file in "D:\\Downloads\\Cursos\\NodeJS\\Rocketseat\\GoNode\\m1d"
      at new MessageError (C:\Program Files (x86)\Yarn\lib\cli.js:186:110)
      at C:\Program Files (x86)\Yarn\lib\cli.js:40048:15
      at Generator.next (<anonymous>)
      at step (C:\Program Files (x86)\Yarn\lib\cli.js:98:30)
      at C:\Program Files (x86)\Yarn\lib\cli.js:109:13
      at <anonymous>
